..\Dll\IEEE802_11.pdb
C:\Users\Upal\Desktop\Projects_9.1_32 bits\MATLAB_Interfacing using m file\Dll\IEEE802_11.exp
C:\Users\Upal\Desktop\Projects_9.1_32 bits\MATLAB_Interfacing using m file\Dll\IEEE802_11.lib
C:\USERS\UPAL\DESKTOP\PROJECTS_9.1_32 BITS\MATLAB_INTERFACING USING M FILE\DLL\IEEE802_11.PDB
C:\USERS\UPAL\DESKTOP\PROJECTS_9.1_32 BITS\MATLAB_INTERFACING USING M FILE\DLL\LIBIEEE802.11.DLL
C:\Users\Upal\Desktop\Projects_9.1_32 bits\MATLAB_Interfacing using m file\IEEE802_11\Debug\cl.command.1.tlog
C:\Users\Upal\Desktop\Projects_9.1_32 bits\MATLAB_Interfacing using m file\IEEE802_11\Debug\CL.read.1.tlog
C:\Users\Upal\Desktop\Projects_9.1_32 bits\MATLAB_Interfacing using m file\IEEE802_11\Debug\CL.write.1.tlog
C:\USERS\UPAL\DESKTOP\PROJECTS_9.1_32 BITS\MATLAB_INTERFACING USING M FILE\IEEE802_11\DEBUG\CSMACA.OBJ
C:\USERS\UPAL\DESKTOP\PROJECTS_9.1_32 BITS\MATLAB_INTERFACING USING M FILE\IEEE802_11\DEBUG\GENERIC_RATEADAPTATION.OBJ
C:\USERS\UPAL\DESKTOP\PROJECTS_9.1_32 BITS\MATLAB_INTERFACING USING M FILE\IEEE802_11\DEBUG\IEEE802.11_OFDMPHY.OBJ
C:\USERS\UPAL\DESKTOP\PROJECTS_9.1_32 BITS\MATLAB_INTERFACING USING M FILE\IEEE802_11\DEBUG\IEEE802_11.DLL.INTERMEDIATE.MANIFEST
C:\USERS\UPAL\DESKTOP\PROJECTS_9.1_32 BITS\MATLAB_INTERFACING USING M FILE\IEEE802_11\DEBUG\IEEE802_11.OBJ
C:\Users\Upal\Desktop\Projects_9.1_32 bits\MATLAB_Interfacing using m file\IEEE802_11\Debug\IEEE802_11.vcxprojResolveAssemblyReference.cache
C:\Users\Upal\Desktop\Projects_9.1_32 bits\MATLAB_Interfacing using m file\IEEE802_11\Debug\IEEE802_11.write.1.tlog
C:\USERS\UPAL\DESKTOP\PROJECTS_9.1_32 BITS\MATLAB_INTERFACING USING M FILE\IEEE802_11\DEBUG\IEEE802_11_DSSSPHY.OBJ
C:\USERS\UPAL\DESKTOP\PROJECTS_9.1_32 BITS\MATLAB_INTERFACING USING M FILE\IEEE802_11\DEBUG\IEEE802_11_ENUM.OBJ
C:\USERS\UPAL\DESKTOP\PROJECTS_9.1_32 BITS\MATLAB_INTERFACING USING M FILE\IEEE802_11\DEBUG\IEEE802_11_HTPHY.OBJ
C:\USERS\UPAL\DESKTOP\PROJECTS_9.1_32 BITS\MATLAB_INTERFACING USING M FILE\IEEE802_11\DEBUG\IEEE802_11_MAC.OBJ
C:\USERS\UPAL\DESKTOP\PROJECTS_9.1_32 BITS\MATLAB_INTERFACING USING M FILE\IEEE802_11\DEBUG\IEEE802_11_MACFRAME.OBJ
C:\USERS\UPAL\DESKTOP\PROJECTS_9.1_32 BITS\MATLAB_INTERFACING USING M FILE\IEEE802_11\DEBUG\IEEE802_11_PHY.OBJ
C:\USERS\UPAL\DESKTOP\PROJECTS_9.1_32 BITS\MATLAB_INTERFACING USING M FILE\IEEE802_11\DEBUG\IEEE802_11_PHYFRAME.OBJ
C:\USERS\UPAL\DESKTOP\PROJECTS_9.1_32 BITS\MATLAB_INTERFACING USING M FILE\IEEE802_11\DEBUG\IEEE802_11_RADIO.OBJ
C:\USERS\UPAL\DESKTOP\PROJECTS_9.1_32 BITS\MATLAB_INTERFACING USING M FILE\IEEE802_11\DEBUG\IEEE802_11AC.OBJ
C:\USERS\UPAL\DESKTOP\PROJECTS_9.1_32 BITS\MATLAB_INTERFACING USING M FILE\IEEE802_11\DEBUG\IEEE802_11E.OBJ
C:\USERS\UPAL\DESKTOP\PROJECTS_9.1_32 BITS\MATLAB_INTERFACING USING M FILE\IEEE802_11\DEBUG\IEEE802_11N.OBJ
C:\USERS\UPAL\DESKTOP\PROJECTS_9.1_32 BITS\MATLAB_INTERFACING USING M FILE\IEEE802_11\DEBUG\INFRASTRUCTUREBSS.OBJ
C:\Users\Upal\Desktop\Projects_9.1_32 bits\MATLAB_Interfacing using m file\IEEE802_11\Debug\link.4276.read.1.tlog
C:\Users\Upal\Desktop\Projects_9.1_32 bits\MATLAB_Interfacing using m file\IEEE802_11\Debug\link.4276.write.1.tlog
C:\Users\Upal\Desktop\Projects_9.1_32 bits\MATLAB_Interfacing using m file\IEEE802_11\Debug\link.command.1.tlog
C:\Users\Upal\Desktop\Projects_9.1_32 bits\MATLAB_Interfacing using m file\IEEE802_11\Debug\link.read.1.tlog
C:\Users\Upal\Desktop\Projects_9.1_32 bits\MATLAB_Interfacing using m file\IEEE802_11\Debug\link.write.1.tlog
C:\USERS\UPAL\DESKTOP\PROJECTS_9.1_32 BITS\MATLAB_INTERFACING USING M FILE\IEEE802_11\DEBUG\MATLAB_INTERFACE.OBJ
C:\USERS\UPAL\DESKTOP\PROJECTS_9.1_32 BITS\MATLAB_INTERFACING USING M FILE\IEEE802_11\DEBUG\MESHBSS.OBJ
C:\USERS\UPAL\DESKTOP\PROJECTS_9.1_32 BITS\MATLAB_INTERFACING USING M FILE\IEEE802_11\DEBUG\MINSTREL.OBJ
C:\USERS\UPAL\DESKTOP\PROJECTS_9.1_32 BITS\MATLAB_INTERFACING USING M FILE\IEEE802_11\DEBUG\MINSTREL_HT.OBJ
C:\Users\Upal\Desktop\Projects_9.1_32 bits\MATLAB_Interfacing using m file\IEEE802_11\Debug\mt.command.1.tlog
C:\Users\Upal\Desktop\Projects_9.1_32 bits\MATLAB_Interfacing using m file\IEEE802_11\Debug\mt.read.1.tlog
C:\Users\Upal\Desktop\Projects_9.1_32 bits\MATLAB_Interfacing using m file\IEEE802_11\Debug\mt.write.1.tlog
C:\USERS\UPAL\DESKTOP\PROJECTS_9.1_32 BITS\MATLAB_INTERFACING USING M FILE\IEEE802_11\DEBUG\PROPAGATIONMODEL.OBJ
C:\USERS\UPAL\DESKTOP\PROJECTS_9.1_32 BITS\MATLAB_INTERFACING USING M FILE\IEEE802_11\DEBUG\RTS_CTS.OBJ
C:\Users\Upal\Desktop\Projects_9.1_32 bits\MATLAB_Interfacing using m file\IEEE802_11\Debug\vc100.idb
C:\USERS\UPAL\DESKTOP\PROJECTS_9.1_32 BITS\MATLAB_INTERFACING USING M FILE\IEEE802_11\DEBUG\VC100.PDB
