Build started 07-12-2016 PM 5:24:34.
     1>Project "C:\Users\Upal\Desktop\Projects_9.1_32 bits\MATLAB_Interfacing\IEEE802_11\IEEE802_11.vcxproj" on node 2 (rebuild target(s)).
     1>C:\Program Files (x86)\MSBuild\Microsoft.Cpp\v4.0\Microsoft.CppBuild.targets(299,5): warning MSB8004: Output Directory does not end with a trailing slash.  This build instance will add the slash as it is required to allow proper evaluation of the Output Directory.
         Creating directory "..\Dll\".
     1>InitializeBuildStatus:
         Creating "Debug\IEEE802_11.unsuccessfulbuild" because "AlwaysCreate" was specified.
       ClCompile:
         C:\Program Files (x86)\Microsoft Visual Studio 10.0\VC\bin\CL.exe /c /I..\Include /I"C:\Program Files (x86)\MATLAB\R2011a\extern\include" /ZI /nologo /W3 /WX- /Od /Oy- /D WIN32 /D _DEBUG /D _WINDOWS /D _USRDLL /D IEEE802_11_EXPORTS /D _WINDLL /D _UNICODE /D UNICODE /Gm /EHsc /RTC1 /MDd /GS /fp:precise /Zc:wchar_t /Zc:forScope /Fo"Debug\\" /Fd"Debug\vc100.pdb" /Gd /TC /analyze- /errorReport:prompt CSMACA.c Generic_RateAdaptation.c IEEE802.11_OFDMPhy.c IEEE802_11.c IEEE802_11ac.c IEEE802_11e.c IEEE802_11n.c IEEE802_11_DSSSPhy.c IEEE802_11_enum.c IEEE802_11_HTPhy.c IEEE802_11_Mac.c IEEE802_11_MacFrame.c IEEE802_11_Phy.c IEEE802_11_PhyFrame.c IEEE802_11_Radio.c InfrastructureBSS.c MATLAB_Interface.c MeshBSS.c Minstrel.c Minstrel_ht.c PropagationModel.c RTS_CTS.c
         RTS_CTS.c
         PropagationModel.c
         Minstrel_ht.c
     1>c:\users\upal\desktop\projects_9.1_32 bits\matlab_interfacing\ieee802_11\minstrel_ht.c(118): warning C4244: 'initializing' : conversion from 'double' to 'int', possible loss of data
     1>c:\users\upal\desktop\projects_9.1_32 bits\matlab_interfacing\ieee802_11\minstrel_ht.c(284): warning C4018: '<' : signed/unsigned mismatch
     1>c:\users\upal\desktop\projects_9.1_32 bits\matlab_interfacing\ieee802_11\minstrel_ht.c(287): warning C4018: '<' : signed/unsigned mismatch
     1>c:\users\upal\desktop\projects_9.1_32 bits\matlab_interfacing\ieee802_11\minstrel_ht.c(436): warning C4244: 'initializing' : conversion from 'double' to 'UINT', possible loss of data
     1>c:\users\upal\desktop\projects_9.1_32 bits\matlab_interfacing\ieee802_11\minstrel_ht.c(437): warning C4244: 'initializing' : conversion from 'double' to 'UINT', possible loss of data
     1>c:\users\upal\desktop\projects_9.1_32 bits\matlab_interfacing\ieee802_11\minstrel_ht.c(438): warning C4244: 'initializing' : conversion from 'double' to 'UINT', possible loss of data
     1>c:\users\upal\desktop\projects_9.1_32 bits\matlab_interfacing\ieee802_11\minstrel_ht.c(724): warning C4018: '<' : signed/unsigned mismatch
     1>c:\users\upal\desktop\projects_9.1_32 bits\matlab_interfacing\ieee802_11\minstrel_ht.c(777): warning C4081: expected 'identifier'; found 'string'
         Minstrel.c
     1>c:\users\upal\desktop\projects_9.1_32 bits\matlab_interfacing\ieee802_11\minstrel.c(222): warning C4244: 'initializing' : conversion from 'double' to 'int', possible loss of data
     1>c:\users\upal\desktop\projects_9.1_32 bits\matlab_interfacing\ieee802_11\minstrel.c(237): warning C4018: '<' : signed/unsigned mismatch
     1>c:\users\upal\desktop\projects_9.1_32 bits\matlab_interfacing\ieee802_11\minstrel.c(442): warning C4018: '<' : signed/unsigned mismatch
     1>c:\users\upal\desktop\projects_9.1_32 bits\matlab_interfacing\ieee802_11\minstrel.c(521): warning C4018: '<' : signed/unsigned mismatch
     1>c:\users\upal\desktop\projects_9.1_32 bits\matlab_interfacing\ieee802_11\minstrel.c(529): warning C4018: '<' : signed/unsigned mismatch
     1>c:\users\upal\desktop\projects_9.1_32 bits\matlab_interfacing\ieee802_11\minstrel.c(536): warning C4018: '<' : signed/unsigned mismatch
     1>c:\users\upal\desktop\projects_9.1_32 bits\matlab_interfacing\ieee802_11\minstrel.c(558): warning C4244: '=' : conversion from 'double' to 'int', possible loss of data
     1>c:\users\upal\desktop\projects_9.1_32 bits\matlab_interfacing\ieee802_11\minstrel.c(578): warning C4018: '>=' : signed/unsigned mismatch
     1>c:\users\upal\desktop\projects_9.1_32 bits\matlab_interfacing\ieee802_11\minstrel.c(692): warning C4018: '<=' : signed/unsigned mismatch
     1>c:\users\upal\desktop\projects_9.1_32 bits\matlab_interfacing\ieee802_11\minstrel.c(724): warning C4018: '<' : signed/unsigned mismatch
     1>c:\users\upal\desktop\projects_9.1_32 bits\matlab_interfacing\ieee802_11\minstrel.c(748): warning C4018: '<=' : signed/unsigned mismatch
     1>c:\users\upal\desktop\projects_9.1_32 bits\matlab_interfacing\ieee802_11\minstrel.c(754): warning C4018: '<=' : signed/unsigned mismatch
     1>c:\users\upal\desktop\projects_9.1_32 bits\matlab_interfacing\ieee802_11\minstrel.c(758): warning C4018: '<' : signed/unsigned mismatch
         MeshBSS.c
         MATLAB_Interface.c
     1>c:\users\upal\desktop\projects_9.1_32 bits\matlab_interfacing\ieee802_11\matlab_interface.c(46): warning C4996: 'sprintf': This function or variable may be unsafe. Consider using sprintf_s instead. To disable deprecation, use _CRT_SECURE_NO_WARNINGS. See online help for details.
                 c:\program files (x86)\microsoft visual studio 10.0\vc\include\stdio.h(371) : see declaration of 'sprintf'
     1>c:\users\upal\desktop\projects_9.1_32 bits\matlab_interfacing\ieee802_11\matlab_interface.c(50): warning C4996: 'sprintf': This function or variable may be unsafe. Consider using sprintf_s instead. To disable deprecation, use _CRT_SECURE_NO_WARNINGS. See online help for details.
                 c:\program files (x86)\microsoft visual studio 10.0\vc\include\stdio.h(371) : see declaration of 'sprintf'
         InfrastructureBSS.c
         IEEE802_11_Radio.c
         IEEE802_11_PhyFrame.c
     1>c:\users\upal\desktop\projects_9.1_32 bits\matlab_interfacing\ieee802_11\ieee802_11_phyframe.c(44): warning C4101: 'ofdmPlcp' : unreferenced local variable
     1>c:\users\upal\desktop\projects_9.1_32 bits\matlab_interfacing\ieee802_11\ieee802_11_phyframe.c(43): warning C4101: 'dsssPlcp' : unreferenced local variable
     1>c:\users\upal\desktop\projects_9.1_32 bits\matlab_interfacing\ieee802_11\ieee802_11_phyframe.c(45): warning C4101: 'htPlcp' : unreferenced local variable
         IEEE802_11_Phy.c
         IEEE802_11_MacFrame.c
         IEEE802_11_Mac.c
         IEEE802_11_HTPhy.c
     1>c:\users\upal\desktop\projects_9.1_32 bits\matlab_interfacing\ieee802_11\ieee802_11_htphy.c(1064): warning C4101: 'fCodingRate' : unreferenced local variable
         IEEE802_11_enum.c
         IEEE802_11_DSSSPhy.c
         IEEE802_11n.c
         IEEE802_11e.c
         IEEE802_11ac.c
         IEEE802_11.c
     1>c:\users\upal\desktop\projects_9.1_32 bits\matlab_interfacing\ieee802_11\ieee802_11.c(105): warning C4013: 'fn_NetSim_IEEE802_11_Metrics_F' undefined; assuming extern returning int
     1>c:\users\upal\desktop\projects_9.1_32 bits\matlab_interfacing\ieee802_11\ieee802_11.c(106): warning C4013: 'print_minstrel_table' undefined; assuming extern returning int
         IEEE802.11_OFDMPhy.c
         Generating Code...
     1>c:\users\upal\desktop\projects_9.1_32 bits\matlab_interfacing\ieee802_11\ieee802_11.c(88): warning C4716: 'fn_NetSim_IEEE802_11_FreePacket' : must return a value
     1>c:\users\upal\desktop\projects_9.1_32 bits\matlab_interfacing\ieee802_11\ieee802_11.c(98): warning C4716: 'fn_NetSim_IEEE802_11_CopyPacket' : must return a value
     1>c:\users\upal\desktop\projects_9.1_32 bits\matlab_interfacing\ieee802_11\ieee802_11_htphy.c(1164): warning C4716: 'fn_NetSim_IEEE802_11_HTPhy_DataRate' : must return a value
         Compiling...
         Generic_RateAdaptation.c
         CSMACA.c
         Generating Code...
     1>C:\Program Files (x86)\MSBuild\Microsoft.Cpp\v4.0\Microsoft.CppBuild.targets(990,5): warning MSB8012: TargetPath(C:\Users\Upal\Desktop\Projects_9.1_32 bits\MATLAB_Interfacing\IEEE802_11\..\Dll\IEEE802_11.dll) does not match the Linker's OutputFile property value (C:\Users\Upal\Desktop\Projects_9.1_32 bits\MATLAB_Interfacing\Dll\libIEEE802.11.dll). This may cause your project to build incorrectly. To correct this, please make sure that $(OutDir), $(TargetName) and $(TargetExt) property values match the value specified in %(Link.OutputFile).
     1>C:\Program Files (x86)\MSBuild\Microsoft.Cpp\v4.0\Microsoft.CppBuild.targets(992,5): warning MSB8012: TargetName(IEEE802_11) does not match the Linker's OutputFile property value (libIEEE802.11). This may cause your project to build incorrectly. To correct this, please make sure that $(OutDir), $(TargetName) and $(TargetExt) property values match the value specified in %(Link.OutputFile).
       Link:
         C:\Program Files (x86)\Microsoft Visual Studio 10.0\VC\bin\link.exe /ERRORREPORT:PROMPT /OUT:"..\Dll\libIEEE802.11.dll" /INCREMENTAL:NO /NOLOGO /LIBPATH:..\lib /LIBPATH:"C:\Program Files (x86)\MATLAB\R2011a\extern\lib\win32\microsoft" libeng.lib libmx.lib libmat.lib kernel32.lib user32.lib gdi32.lib winspool.lib comdlg32.lib advapi32.lib shell32.lib ole32.lib oleaut32.lib uuid.lib odbc32.lib odbccp32.lib kernel32.lib user32.lib gdi32.lib winspool.lib comdlg32.lib advapi32.lib shell32.lib ole32.lib oleaut32.lib uuid.lib odbc32.lib odbccp32.lib /MANIFEST /ManifestFile:"Debug\IEEE802_11.dll.intermediate.manifest" /MANIFESTUAC:"level='asInvoker' uiAccess='false'" /DEBUG /PDB:"C:\Users\Upal\Desktop\Projects_9.1_32 bits\MATLAB_Interfacing\Dll\IEEE802_11.pdb" /SUBSYSTEM:WINDOWS /TLBID:1 /DYNAMICBASE /NXCOMPAT /IMPLIB:"..\Dll\IEEE802_11.lib" /MACHINE:X86 /DLL Debug\CSMACA.obj
         Debug\Generic_RateAdaptation.obj
         Debug\IEEE802.11_OFDMPhy.obj
         Debug\IEEE802_11.obj
         Debug\IEEE802_11ac.obj
         Debug\IEEE802_11e.obj
         Debug\IEEE802_11n.obj
         Debug\IEEE802_11_DSSSPhy.obj
         Debug\IEEE802_11_enum.obj
         Debug\IEEE802_11_HTPhy.obj
         Debug\IEEE802_11_Mac.obj
         Debug\IEEE802_11_MacFrame.obj
         Debug\IEEE802_11_Phy.obj
         Debug\IEEE802_11_PhyFrame.obj
         Debug\IEEE802_11_Radio.obj
         Debug\InfrastructureBSS.obj
         Debug\MATLAB_Interface.obj
         Debug\MeshBSS.obj
         Debug\Minstrel.obj
         Debug\Minstrel_ht.obj
         Debug\PropagationModel.obj
         Debug\RTS_CTS.obj
     1>CSMACA.obj : warning LNK4075: ignoring '/EDITANDCONTINUE' due to '/INCREMENTAL:NO' specification
         IEEE802.11.lib(IEEE802.11lib.obj) : MSIL .netmodule or module compiled with /GL found; restarting link with /LTCG; add /LTCG to the link command line to improve linker performance
     1>CSMACA.obj : warning LNK4075: ignoring '/EDITANDCONTINUE' due to '/INCREMENTAL:NO' specification
            Creating library ..\Dll\IEEE802_11.lib and object ..\Dll\IEEE802_11.exp
     1>LINK : warning LNK4098: defaultlib 'MSVCRT' conflicts with use of other libs; use /NODEFAULTLIB:library
         Generating code
         Finished generating code
     1>IEEE802.11.lib(IEEE802.11lib.obj) : warning LNK4099: PDB 'vc100.pdb' was not found with 'IEEE802.11.lib(IEEE802.11lib.obj)' or at 'C:\Users\Upal\Desktop\Projects_9.1_32 bits\MATLAB_Interfacing\Dll\vc100.pdb'; linking object as if no debug info
     1>ErrorModel.lib(ber.obj) : warning LNK4099: PDB 'vc100.pdb' was not found with 'ErrorModel.lib(ber.obj)' or at 'C:\Users\Upal\Desktop\Projects_9.1_32 bits\MATLAB_Interfacing\Dll\vc100.pdb'; linking object as if no debug info
         IEEE802_11.vcxproj -> C:\Users\Upal\Desktop\Projects_9.1_32 bits\MATLAB_Interfacing\IEEE802_11\..\Dll\IEEE802_11.dll
       Manifest:
         C:\Program Files (x86)\Microsoft SDKs\Windows\v7.0A\bin\mt.exe /nologo /verbose /outputresource:"..\Dll\libIEEE802.11.dll;#2" /manifest Debug\IEEE802_11.dll.intermediate.manifest
       FinalizeBuildStatus:
         Deleting file "Debug\IEEE802_11.unsuccessfulbuild".
         Touching "Debug\IEEE802_11.lastbuildstate".
     1>Done Building Project "C:\Users\Upal\Desktop\Projects_9.1_32 bits\MATLAB_Interfacing\IEEE802_11\IEEE802_11.vcxproj" (rebuild target(s)).

Build succeeded.

Time Elapsed 00:00:10.57
